<?xml version="1.0" encoding="UTF-8"?>
<testsuite name="comp5911m.cwk2.CustomerTest" tests="8" skipped="0" failures="0" errors="0" timestamp="2023-12-04T20:07:20" hostname="LAPTOP-4L1M51FS" time="0.026">
  <properties/>
  <testcase name="htmlStatement()" classname="comp5911m.cwk2.CustomerTest" time="0.013"/>
  <testcase name="addLuxuryRental()" classname="comp5911m.cwk2.CustomerTest" time="0.001"/>
  <testcase name="addRental()" classname="comp5911m.cwk2.CustomerTest" time="0.001"/>
  <testcase name="addLongNewModelRental()" classname="comp5911m.cwk2.CustomerTest" time="0.0"/>
  <testcase name="addRentalHtmlStatement()" classname="comp5911m.cwk2.CustomerTest" time="0.0"/>
  <testcase name="addShortNewModelRental()" classname="comp5911m.cwk2.CustomerTest" time="0.001"/>
  <testcase name="addTwoRentals()" classname="comp5911m.cwk2.CustomerTest" time="0.002"/>
  <testcase name="creation()" classname="comp5911m.cwk2.CustomerTest" time="0.002"/>
  <system-out><![CDATA[]]></system-out>
  <system-err><![CDATA[]]></system-err>
</testsuite>
